{"timestamp":"2025-12-02T08:17:44.718Z","status":304,"method":"GET","route":"/api/students/692e9d3d50f7755ca037a255","input_summary":{},"user":"anonymous","message":"Request processed"}
{"timestamp":"2025-12-02T08:17:44.721Z","status":304,"method":"GET","route":"/api/timetable/692e9d3d50f7755ca037a255","input_summary":{},"user":"anonymous","message":"Request processed"}
{"timestamp":"2025-12-02T08:17:44.723Z","status":304,"method":"GET","route":"/api/lectures/692e9d3d50f7755ca037a255","input_summary":{},"user":"anonymous","message":"Request processed"}
{"timestamp":"2025-12-02T08:17:44.741Z","status":304,"method":"GET","route":"/api/ai/692e9d3d50f7755ca037a255","input_summary":{},"user":"anonymous","message":"Request processed"}
{"timestamp":"2025-12-02T08:17:44.751Z","status":304,"method":"GET","route":"/api/students/692e9d3d50f7755ca037a255","input_summary":{},"user":"anonymous","message":"Request processed"}
{"timestamp":"2025-12-02T08:17:44.755Z","status":304,"method":"GET","route":"/api/timetable/692e9d3d50f7755ca037a255","input_summary":{},"user":"anonymous","message":"Request processed"}
{"timestamp":"2025-12-02T08:17:44.766Z","status":304,"method":"GET","route":"/api/lectures/692e9d3d50f7755ca037a255","input_summary":{},"user":"anonymous","message":"Request processed"}
{"timestamp":"2025-12-02T08:17:45.826Z","status":304,"method":"GET","route":"/api/ai/692e9d3d50f7755ca037a255","input_summary":{},"user":"anonymous","message":"Request processed"}
{"timestamp":"2025-12-02T08:17:46.801Z","status":404,"method":"GET","route":"/api/lectures/692e9d3d50f7755ca037a255/2025-12-01","input_summary":{},"user":"anonymous","message":"Request processed"}
{"timestamp":"2025-12-02T08:17:46.840Z","status":404,"method":"GET","route":"/api/lectures/692e9d3d50f7755ca037a255/2025-12-01","input_summary":{},"user":"anonymous","message":"Request processed"}
{"timestamp":"2025-12-02T08:18:02.366Z","status":200,"method":"POST","route":"/api/auth/login","input_summary":{"email":"teacher1@school.com","password":"123456","role":"teacher"},"user":"anonymous","message":"Request processed"}
{"timestamp":"2025-12-02T08:18:02.533Z","status":200,"method":"GET","route":"/api/students","input_summary":{},"user":"anonymous","message":"Request processed"}
{"timestamp":"2025-12-02T08:18:02.636Z","status":304,"method":"GET","route":"/api/students","input_summary":{},"user":"anonymous","message":"Request processed"}
{"timestamp":"2025-12-02T08:18:07.546Z","status":304,"method":"GET","route":"/api/students","input_summary":{},"user":"anonymous","message":"Request processed"}
{"timestamp":"2025-12-02T08:18:07.614Z","status":304,"method":"GET","route":"/api/students","input_summary":{},"user":"anonymous","message":"Request processed"}
{"timestamp":"2025-12-02T08:18:12.583Z","status":404,"method":"GET","route":"/api/assignments","input_summary":{},"user":"anonymous","message":"Request processed"}
{"timestamp":"2025-12-02T08:18:12.586Z","status":404,"method":"GET","route":"/api/assignments","input_summary":{},"user":"anonymous","message":"Request processed"}
{"timestamp":"2025-12-02T08:19:07.534Z","status":200,"method":"POST","route":"/api/teachers/assignment","input_summary":{"title":"Essay Writing","description":"Write an essay on \"How AI is affecting the job market\"","dueDate":"2025-12-10","subject":"English","uploadedBy":"Ritu Sharma"},"user":"anonymous","message":"Request processed"}
{"timestamp":"2025-12-02T08:19:09.272Z","status":404,"method":"GET","route":"/api/assignments","input_summary":{},"user":"anonymous","message":"Request processed"}
{"timestamp":"2025-12-02T08:19:50.000Z","status":200,"method":"POST","route":"/api/auth/login","input_summary":{"email":"student4@school.com","password":"123456","role":"student"},"user":"anonymous","message":"Request processed"}
{"timestamp":"2025-12-02T08:19:50.071Z","status":200,"method":"GET","route":"/api/ai/692e9d3d50f7755ca037a299","input_summary":{},"user":"anonymous","message":"Request processed"}
{"timestamp":"2025-12-02T08:19:50.072Z","status":404,"method":"GET","route":"/api/lectures/692e9d3d50f7755ca037a299/2025-12-01","input_summary":{},"user":"anonymous","message":"Request processed"}
{"timestamp":"2025-12-02T08:19:50.094Z","status":404,"method":"GET","route":"/api/lectures/692e9d3d50f7755ca037a299/2025-12-01","input_summary":{},"user":"anonymous","message":"Request processed"}
{"timestamp":"2025-12-02T08:19:50.095Z","status":200,"method":"GET","route":"/api/lectures/692e9d3d50f7755ca037a299","input_summary":{},"user":"anonymous","message":"Request processed"}
{"timestamp":"2025-12-02T08:19:50.096Z","status":200,"method":"GET","route":"/api/timetable/692e9d3d50f7755ca037a299","input_summary":{},"user":"anonymous","message":"Request processed"}
{"timestamp":"2025-12-02T08:19:50.098Z","status":200,"method":"GET","route":"/api/students/692e9d3d50f7755ca037a299","input_summary":{},"user":"anonymous","message":"Request processed"}
{"timestamp":"2025-12-02T08:19:50.093Z","status":304,"method":"GET","route":"/api/ai/692e9d3d50f7755ca037a299","input_summary":{},"user":"anonymous","message":"Request processed"}
{"timestamp":"2025-12-02T08:19:50.147Z","status":304,"method":"GET","route":"/api/timetable/692e9d3d50f7755ca037a299","input_summary":{},"user":"anonymous","message":"Request processed"}
{"timestamp":"2025-12-02T08:19:50.148Z","status":304,"method":"GET","route":"/api/lectures/692e9d3d50f7755ca037a299","input_summary":{},"user":"anonymous","message":"Request processed"}
{"timestamp":"2025-12-02T08:19:50.187Z","status":304,"method":"GET","route":"/api/students/692e9d3d50f7755ca037a299","input_summary":{},"user":"anonymous","message":"Request processed"}
{"timestamp":"2025-12-02T08:19:55.156Z","status":404,"method":"GET","route":"/api/assignments","input_summary":{},"user":"anonymous","message":"Request processed"}
{"timestamp":"2025-12-02T08:19:55.158Z","status":404,"method":"GET","route":"/api/assignments","input_summary":{},"user":"anonymous","message":"Request processed"}
{"timestamp":"2025-12-02T08:19:57.795Z","status":404,"method":"GET","route":"/api/assignments","input_summary":{},"user":"anonymous","message":"Request processed"}
{"timestamp":"2025-12-02T08:19:57.797Z","status":404,"method":"GET","route":"/api/assignments","input_summary":{},"user":"anonymous","message":"Request processed"}
{"timestamp":"2025-12-02T08:20:09.736Z","status":304,"method":"GET","route":"/api/ai/692e9d3d50f7755ca037a299","input_summary":{},"user":"anonymous","message":"Request processed"}
{"timestamp":"2025-12-02T08:20:09.737Z","status":404,"method":"GET","route":"/api/lectures/692e9d3d50f7755ca037a299/2025-12-01","input_summary":{},"user":"anonymous","message":"Request processed"}
{"timestamp":"2025-12-02T08:20:09.747Z","status":304,"method":"GET","route":"/api/lectures/692e9d3d50f7755ca037a299","input_summary":{},"user":"anonymous","message":"Request processed"}
{"timestamp":"2025-12-02T08:20:09.749Z","status":304,"method":"GET","route":"/api/students/692e9d3d50f7755ca037a299","input_summary":{},"user":"anonymous","message":"Request processed"}
{"timestamp":"2025-12-02T08:20:09.750Z","status":304,"method":"GET","route":"/api/timetable/692e9d3d50f7755ca037a299","input_summary":{},"user":"anonymous","message":"Request processed"}
{"timestamp":"2025-12-02T08:20:09.759Z","status":404,"method":"GET","route":"/api/lectures/692e9d3d50f7755ca037a299/2025-12-01","input_summary":{},"user":"anonymous","message":"Request processed"}
{"timestamp":"2025-12-02T08:20:09.761Z","status":304,"method":"GET","route":"/api/ai/692e9d3d50f7755ca037a299","input_summary":{},"user":"anonymous","message":"Request processed"}
{"timestamp":"2025-12-02T08:20:09.786Z","status":304,"method":"GET","route":"/api/lectures/692e9d3d50f7755ca037a299","input_summary":{},"user":"anonymous","message":"Request processed"}
{"timestamp":"2025-12-02T08:20:09.788Z","status":304,"method":"GET","route":"/api/students/692e9d3d50f7755ca037a299","input_summary":{},"user":"anonymous","message":"Request processed"}
{"timestamp":"2025-12-02T08:20:09.789Z","status":304,"method":"GET","route":"/api/timetable/692e9d3d50f7755ca037a299","input_summary":{},"user":"anonymous","message":"Request processed"}
{"timestamp":"2025-12-02T08:24:42.538Z","status":304,"method":"GET","route":"/api/ai/692e9d3d50f7755ca037a299","input_summary":{},"user":"anonymous","message":"Request processed"}
{"timestamp":"2025-12-02T08:24:42.549Z","status":304,"method":"GET","route":"/api/lectures/692e9d3d50f7755ca037a299","input_summary":{},"user":"anonymous","message":"Request processed"}
{"timestamp":"2025-12-02T08:24:42.554Z","status":304,"method":"GET","route":"/api/timetable/692e9d3d50f7755ca037a299","input_summary":{},"user":"anonymous","message":"Request processed"}
{"timestamp":"2025-12-02T08:24:42.559Z","status":304,"method":"GET","route":"/api/students/692e9d3d50f7755ca037a299","input_summary":{},"user":"anonymous","message":"Request processed"}
{"timestamp":"2025-12-02T08:24:42.574Z","status":304,"method":"GET","route":"/api/lectures/692e9d3d50f7755ca037a299","input_summary":{},"user":"anonymous","message":"Request processed"}
{"timestamp":"2025-12-02T08:24:42.580Z","status":304,"method":"GET","route":"/api/students/692e9d3d50f7755ca037a299","input_summary":{},"user":"anonymous","message":"Request processed"}
{"timestamp":"2025-12-02T08:24:42.582Z","status":304,"method":"GET","route":"/api/timetable/692e9d3d50f7755ca037a299","input_summary":{},"user":"anonymous","message":"Request processed"}
{"timestamp":"2025-12-02T08:24:42.605Z","status":304,"method":"GET","route":"/api/ai/692e9d3d50f7755ca037a299","input_summary":{},"user":"anonymous","message":"Request processed"}
{"timestamp":"2025-12-02T08:24:42.764Z","status":404,"method":"GET","route":"/api/lectures/692e9d3d50f7755ca037a299/2025-12-01","input_summary":{},"user":"anonymous","message":"Request processed"}
{"timestamp":"2025-12-02T08:24:42.802Z","status":404,"method":"GET","route":"/api/lectures/692e9d3d50f7755ca037a299/2025-12-01","input_summary":{},"user":"anonymous","message":"Request processed"}
{"timestamp":"2025-12-02T08:25:09.603Z","status":200,"method":"POST","route":"/api/auth/login","input_summary":{"email":"teacher5@school.com","password":"123456","role":"teacher"},"user":"anonymous","message":"Request processed"}
{"timestamp":"2025-12-02T08:25:09.759Z","status":304,"method":"GET","route":"/api/students","input_summary":{},"user":"anonymous","message":"Request processed"}
{"timestamp":"2025-12-02T08:25:09.810Z","status":304,"method":"GET","route":"/api/students","input_summary":{},"user":"anonymous","message":"Request processed"}
{"timestamp":"2025-12-02T08:25:17.699Z","status":304,"method":"GET","route":"/api/students","input_summary":{},"user":"anonymous","message":"Request processed"}
{"timestamp":"2025-12-02T08:25:17.744Z","status":304,"method":"GET","route":"/api/students","input_summary":{},"user":"anonymous","message":"Request processed"}
{"timestamp":"2025-12-02T08:25:30.038Z","status":304,"method":"GET","route":"/api/students","input_summary":{},"user":"anonymous","message":"Request processed"}
{"timestamp":"2025-12-02T08:25:30.112Z","status":304,"method":"GET","route":"/api/students","input_summary":{},"user":"anonymous","message":"Request processed"}
{"timestamp":"2025-12-02T08:25:30.096Z","status":200,"method":"GET","route":"/api/teachers/ai-summary/all","input_summary":{},"user":"anonymous","message":"Request processed"}
{"timestamp":"2025-12-02T08:25:30.214Z","status":304,"method":"GET","route":"/api/teachers/ai-summary/all","input_summary":{},"user":"anonymous","message":"Request processed"}
{"timestamp":"2025-12-02T08:25:51.806Z","status":304,"method":"GET","route":"/api/students","input_summary":{},"user":"anonymous","message":"Request processed"}
{"timestamp":"2025-12-02T08:25:51.852Z","status":304,"method":"GET","route":"/api/students","input_summary":{},"user":"anonymous","message":"Request processed"}
{"timestamp":"2025-12-02T08:29:20.678Z","status":304,"method":"GET","route":"/api/students","input_summary":{},"user":"anonymous","message":"Request processed"}
{"timestamp":"2025-12-02T08:29:20.764Z","status":304,"method":"GET","route":"/api/students","input_summary":{},"user":"anonymous","message":"Request processed"}
{"timestamp":"2025-12-02T08:29:38.357Z","status":304,"method":"GET","route":"/api/students","input_summary":{},"user":"anonymous","message":"Request processed"}
{"timestamp":"2025-12-02T08:29:38.434Z","status":304,"method":"GET","route":"/api/students","input_summary":{},"user":"anonymous","message":"Request processed"}
{"timestamp":"2025-12-02T08:29:52.196Z","status":304,"method":"GET","route":"/api/students","input_summary":{},"user":"anonymous","message":"Request processed"}
{"timestamp":"2025-12-02T08:29:52.254Z","status":304,"method":"GET","route":"/api/students","input_summary":{},"user":"anonymous","message":"Request processed"}
{"timestamp":"2025-12-02T08:29:52.332Z","status":304,"method":"GET","route":"/api/teachers/ai-summary/all","input_summary":{},"user":"anonymous","message":"Request processed"}
{"timestamp":"2025-12-02T08:29:52.467Z","status":304,"method":"GET","route":"/api/teachers/ai-summary/all","input_summary":{},"user":"anonymous","message":"Request processed"}
{"timestamp":"2025-12-02T08:29:59.337Z","status":304,"method":"GET","route":"/api/students","input_summary":{},"user":"anonymous","message":"Request processed"}
{"timestamp":"2025-12-02T08:29:59.434Z","status":304,"method":"GET","route":"/api/students","input_summary":{},"user":"anonymous","message":"Request processed"}
{"timestamp":"2025-12-02T08:30:12.157Z","status":304,"method":"GET","route":"/api/students","input_summary":{},"user":"anonymous","message":"Request processed"}
{"timestamp":"2025-12-02T08:30:12.207Z","status":304,"method":"GET","route":"/api/students","input_summary":{},"user":"anonymous","message":"Request processed"}
{"timestamp":"2025-12-02T08:30:17.475Z","status":304,"method":"GET","route":"/api/students","input_summary":{},"user":"anonymous","message":"Request processed"}
{"timestamp":"2025-12-02T08:30:17.523Z","status":304,"method":"GET","route":"/api/students","input_summary":{},"user":"anonymous","message":"Request processed"}
{"timestamp":"2025-12-02T08:30:32.840Z","status":304,"method":"GET","route":"/api/teachers/ai-summary/all","input_summary":{},"user":"anonymous","message":"Request processed"}
{"timestamp":"2025-12-02T08:30:32.855Z","status":304,"method":"GET","route":"/api/students","input_summary":{},"user":"anonymous","message":"Request processed"}
{"timestamp":"2025-12-02T08:30:32.907Z","status":304,"method":"GET","route":"/api/students","input_summary":{},"user":"anonymous","message":"Request processed"}
{"timestamp":"2025-12-02T08:30:32.962Z","status":304,"method":"GET","route":"/api/teachers/ai-summary/all","input_summary":{},"user":"anonymous","message":"Request processed"}
{"timestamp":"2025-12-02T08:30:42.071Z","status":304,"method":"GET","route":"/api/students","input_summary":{},"user":"anonymous","message":"Request processed"}
{"timestamp":"2025-12-02T08:30:42.131Z","status":304,"method":"GET","route":"/api/teachers/ai-summary/all","input_summary":{},"user":"anonymous","message":"Request processed"}
{"timestamp":"2025-12-02T08:30:42.162Z","status":304,"method":"GET","route":"/api/students","input_summary":{},"user":"anonymous","message":"Request processed"}
{"timestamp":"2025-12-02T08:30:42.256Z","status":304,"method":"GET","route":"/api/teachers/ai-summary/all","input_summary":{},"user":"anonymous","message":"Request processed"}
{"timestamp":"2025-12-02T08:30:46.376Z","status":304,"method":"GET","route":"/api/students","input_summary":{},"user":"anonymous","message":"Request processed"}
{"timestamp":"2025-12-02T08:30:46.415Z","status":304,"method":"GET","route":"/api/students","input_summary":{},"user":"anonymous","message":"Request processed"}
{"timestamp":"2025-12-02T08:30:47.983Z","status":304,"method":"GET","route":"/api/students","input_summary":{},"user":"anonymous","message":"Request processed"}
{"timestamp":"2025-12-02T08:30:48.030Z","status":304,"method":"GET","route":"/api/teachers/ai-summary/all","input_summary":{},"user":"anonymous","message":"Request processed"}
{"timestamp":"2025-12-02T08:30:48.043Z","status":304,"method":"GET","route":"/api/students","input_summary":{},"user":"anonymous","message":"Request processed"}
{"timestamp":"2025-12-02T08:30:48.132Z","status":304,"method":"GET","route":"/api/teachers/ai-summary/all","input_summary":{},"user":"anonymous","message":"Request processed"}
{"timestamp":"2025-12-02T08:30:54.429Z","status":304,"method":"GET","route":"/api/students","input_summary":{},"user":"anonymous","message":"Request processed"}
{"timestamp":"2025-12-02T08:30:54.479Z","status":304,"method":"GET","route":"/api/students","input_summary":{},"user":"anonymous","message":"Request processed"}
{"timestamp":"2025-12-02T08:31:05.982Z","status":500,"method":"POST","route":"/api/teachers/attendance","input_summary":{"studentId":"692e9d3d50f7755ca037a2d0","subject":"English","status":"Absent"},"user":"anonymous","message":"Request processed"}
{"timestamp":"2025-12-02T08:31:11.945Z","status":500,"method":"POST","route":"/api/teachers/attendance","input_summary":{"studentId":"692e9d3d50f7755ca037a2d0","subject":"English","status":"Absent"},"user":"anonymous","message":"Request processed"}
{"timestamp":"2025-12-02T08:41:56.327Z","status":304,"method":"GET","route":"/api/students","input_summary":{},"user":"anonymous","message":"Request processed"}
{"timestamp":"2025-12-02T08:41:56.376Z","status":304,"method":"GET","route":"/api/students","input_summary":{},"user":"anonymous","message":"Request processed"}
{"timestamp":"2025-12-02T08:42:03.983Z","status":304,"method":"GET","route":"/api/students","input_summary":{},"user":"anonymous","message":"Request processed"}
{"timestamp":"2025-12-02T08:42:04.052Z","status":304,"method":"GET","route":"/api/students","input_summary":{},"user":"anonymous","message":"Request processed"}
{"timestamp":"2025-12-02T08:42:08.844Z","status":304,"method":"GET","route":"/api/students","input_summary":{},"user":"anonymous","message":"Request processed"}
{"timestamp":"2025-12-02T08:42:08.923Z","status":304,"method":"GET","route":"/api/teachers/ai-summary/all","input_summary":{},"user":"anonymous","message":"Request processed"}
{"timestamp":"2025-12-02T08:42:08.939Z","status":304,"method":"GET","route":"/api/students","input_summary":{},"user":"anonymous","message":"Request processed"}
{"timestamp":"2025-12-02T08:42:09.022Z","status":304,"method":"GET","route":"/api/teachers/ai-summary/all","input_summary":{},"user":"anonymous","message":"Request processed"}
{"timestamp":"2025-12-02T08:42:32.900Z","status":200,"method":"GET","route":"/api/calendar/2025/02","input_summary":{},"user":"anonymous","message":"Request processed"}
{"timestamp":"2025-12-02T08:43:07.412Z","status":200,"method":"POST","route":"/api/auth/login","input_summary":{"email":"student14@school.com","password":"123456","role":"student"},"user":"anonymous","message":"Request processed"}
{"timestamp":"2025-12-02T08:43:07.519Z","status":200,"method":"GET","route":"/api/lectures/692e9d3d50f7755ca037a375","input_summary":{},"user":"anonymous","message":"Request processed"}
{"timestamp":"2025-12-02T08:43:07.530Z","status":304,"method":"GET","route":"/api/lectures/692e9d3d50f7755ca037a375","input_summary":{},"user":"anonymous","message":"Request processed"}
{"timestamp":"2025-12-02T08:43:07.543Z","status":200,"method":"GET","route":"/api/students/692e9d3d50f7755ca037a375","input_summary":{},"user":"anonymous","message":"Request processed"}
{"timestamp":"2025-12-02T08:43:07.545Z","status":200,"method":"GET","route":"/api/ai/692e9d3d50f7755ca037a375","input_summary":{},"user":"anonymous","message":"Request processed"}
{"timestamp":"2025-12-02T08:43:07.546Z","status":200,"method":"GET","route":"/api/timetable/692e9d3d50f7755ca037a375","input_summary":{},"user":"anonymous","message":"Request processed"}
{"timestamp":"2025-12-02T08:43:07.591Z","status":304,"method":"GET","route":"/api/students/692e9d3d50f7755ca037a375","input_summary":{},"user":"anonymous","message":"Request processed"}
{"timestamp":"2025-12-02T08:43:07.593Z","status":304,"method":"GET","route":"/api/timetable/692e9d3d50f7755ca037a375","input_summary":{},"user":"anonymous","message":"Request processed"}
{"timestamp":"2025-12-02T08:43:07.596Z","status":304,"method":"GET","route":"/api/ai/692e9d3d50f7755ca037a375","input_summary":{},"user":"anonymous","message":"Request processed"}
{"timestamp":"2025-12-02T08:43:08.133Z","status":404,"method":"GET","route":"/api/lectures/692e9d3d50f7755ca037a375/2025-12-01","input_summary":{},"user":"anonymous","message":"Request processed"}
{"timestamp":"2025-12-02T08:43:08.163Z","status":404,"method":"GET","route":"/api/lectures/692e9d3d50f7755ca037a375/2025-12-01","input_summary":{},"user":"anonymous","message":"Request processed"}
{"timestamp":"2025-12-02T08:43:16.632Z","status":404,"method":"GET","route":"/api/lectures/692e9d3d50f7755ca037a375/2025-12-02","input_summary":{},"user":"anonymous","message":"Request processed"}
{"timestamp":"2025-12-02T08:43:17.626Z","status":404,"method":"GET","route":"/api/lectures/692e9d3d50f7755ca037a375/2025-12-03","input_summary":{},"user":"anonymous","message":"Request processed"}
{"timestamp":"2025-12-02T08:43:18.477Z","status":404,"method":"GET","route":"/api/lectures/692e9d3d50f7755ca037a375/2025-12-04","input_summary":{},"user":"anonymous","message":"Request processed"}
{"timestamp":"2025-12-02T08:43:19.568Z","status":404,"method":"GET","route":"/api/lectures/692e9d3d50f7755ca037a375/2025-12-03","input_summary":{},"user":"anonymous","message":"Request processed"}
{"timestamp":"2025-12-02T08:43:19.674Z","status":404,"method":"GET","route":"/api/lectures/692e9d3d50f7755ca037a375/2025-12-02","input_summary":{},"user":"anonymous","message":"Request processed"}
{"timestamp":"2025-12-02T08:43:19.899Z","status":404,"method":"GET","route":"/api/lectures/692e9d3d50f7755ca037a375/2025-12-01","input_summary":{},"user":"anonymous","message":"Request processed"}
{"timestamp":"2025-12-02T08:43:23.151Z","status":304,"method":"GET","route":"/api/students/692e9d3d50f7755ca037a375","input_summary":{},"user":"anonymous","message":"Request processed"}
{"timestamp":"2025-12-02T08:43:23.182Z","status":304,"method":"GET","route":"/api/students/692e9d3d50f7755ca037a375","input_summary":{},"user":"anonymous","message":"Request processed"}
{"timestamp":"2025-12-02T08:43:28.259Z","status":404,"method":"GET","route":"/api/assignments","input_summary":{},"user":"anonymous","message":"Request processed"}
{"timestamp":"2025-12-02T08:43:28.261Z","status":404,"method":"GET","route":"/api/assignments","input_summary":{},"user":"anonymous","message":"Request processed"}
{"timestamp":"2025-12-02T08:44:21.826Z","status":404,"method":"GET","route":"/api/assignments","input_summary":{},"user":"anonymous","message":"Request processed"}
{"timestamp":"2025-12-02T08:44:21.828Z","status":404,"method":"GET","route":"/api/assignments","input_summary":{},"user":"anonymous","message":"Request processed"}
{"timestamp":"2025-12-02T08:45:13.740Z","status":200,"method":"GET","route":"/api/lectures/schedule","input_summary":{},"user":"anonymous","message":"Request processed"}
{"timestamp":"2025-12-02T08:45:13.744Z","status":304,"method":"GET","route":"/api/lectures/schedule","input_summary":{},"user":"anonymous","message":"Request processed"}
{"timestamp":"2025-12-02T08:45:13.810Z","status":304,"method":"GET","route":"/api/students","input_summary":{},"user":"anonymous","message":"Request processed"}
{"timestamp":"2025-12-02T08:45:13.863Z","status":304,"method":"GET","route":"/api/students","input_summary":{},"user":"anonymous","message":"Request processed"}
{"timestamp":"2025-12-02T08:45:38.700Z","status":200,"method":"POST","route":"/api/lectures/mark","input_summary":{"studentId":"692e9d3d50f7755ca037a2b1","date":"2025-12-02","lectures":[{"time":"09:00 AM","subject":"Math","status":"Present"},{"time":"10:00 AM","subject":"Science","status":"Present"},{"time":"11:00 AM","subject":"English","status":"Present"},{"time":"12:00 PM","subject":"Computer Science","status":"Absent"},{"time":"02:00 PM","subject":"History","status":"Present"},{"time":"03:00 PM","subject":"Geography","status":"Absent"}]},"user":"anonymous","message":"Request processed"}
{"timestamp":"2025-12-02T08:46:03.472Z","status":200,"method":"POST","route":"/api/auth/login","input_summary":{"email":"teacher1@school.com","password":"123456","role":"teacher"},"user":"anonymous","message":"Request processed"}
{"timestamp":"2025-12-02T08:46:03.602Z","status":200,"method":"GET","route":"/api/students","input_summary":{},"user":"anonymous","message":"Request processed"}
{"timestamp":"2025-12-02T08:46:03.645Z","status":304,"method":"GET","route":"/api/students","input_summary":{},"user":"anonymous","message":"Request processed"}
{"timestamp":"2025-12-02T08:46:06.116Z","status":304,"method":"GET","route":"/api/students","input_summary":{},"user":"anonymous","message":"Request processed"}
{"timestamp":"2025-12-02T08:46:06.163Z","status":304,"method":"GET","route":"/api/students","input_summary":{},"user":"anonymous","message":"Request processed"}
{"timestamp":"2025-12-02T08:51:28.702Z","status":304,"method":"GET","route":"/api/students","input_summary":{},"user":"anonymous","message":"Request processed"}
{"timestamp":"2025-12-02T08:51:28.760Z","status":304,"method":"GET","route":"/api/students","input_summary":{},"user":"anonymous","message":"Request processed"}
{"timestamp":"2025-12-02T08:51:54.341Z","status":200,"method":"GET","route":"/api/students","input_summary":{},"user":"anonymous","message":"Request processed"}
{"timestamp":"2025-12-02T08:51:54.380Z","status":304,"method":"GET","route":"/api/students","input_summary":{},"user":"anonymous","message":"Request processed"}
{"timestamp":"2025-12-02T08:51:59.939Z","status":200,"method":"POST","route":"/api/lectures/mark","input_summary":{"studentId":"692e9d3d50f7755ca037a2b1","date":"2025-12-02","lectures":[{"time":"09:00 AM","subject":"Math","status":"Present"},{"time":"10:00 AM","subject":"Science","status":"Present"},{"time":"11:00 AM","subject":"English","status":"Present"},{"time":"12:00 PM","subject":"Computer Science","status":"Absent"},{"time":"02:00 PM","subject":"History","status":"Present"},{"time":"03:00 PM","subject":"Geography","status":"Absent"}]},"user":"anonymous","message":"Request processed"}
{"timestamp":"2025-12-02T13:29:55.411Z","status":304,"method":"GET","route":"/api/students","input_summary":{},"user":"anonymous","message":"Request processed"}
{"timestamp":"2025-12-02T13:29:55.464Z","status":304,"method":"GET","route":"/api/students","input_summary":{},"user":"anonymous","message":"Request processed"}
{"timestamp":"2025-12-02T13:30:00.829Z","status":304,"method":"GET","route":"/api/lectures/schedule","input_summary":{},"user":"anonymous","message":"Request processed"}
{"timestamp":"2025-12-02T13:30:00.836Z","status":304,"method":"GET","route":"/api/lectures/schedule","input_summary":{},"user":"anonymous","message":"Request processed"}
{"timestamp":"2025-12-02T13:30:00.862Z","status":304,"method":"GET","route":"/api/students","input_summary":{},"user":"anonymous","message":"Request processed"}
{"timestamp":"2025-12-02T13:30:00.886Z","status":304,"method":"GET","route":"/api/students","input_summary":{},"user":"anonymous","message":"Request processed"}
{"timestamp":"2025-12-02T13:30:17.765Z","status":304,"method":"GET","route":"/api/students","input_summary":{},"user":"anonymous","message":"Request processed"}
{"timestamp":"2025-12-02T13:30:17.772Z","status":304,"method":"GET","route":"/api/lectures/schedule","input_summary":{},"user":"anonymous","message":"Request processed"}
{"timestamp":"2025-12-02T13:30:17.775Z","status":304,"method":"GET","route":"/api/lectures/schedule","input_summary":{},"user":"anonymous","message":"Request processed"}
{"timestamp":"2025-12-02T13:30:17.818Z","status":304,"method":"GET","route":"/api/students","input_summary":{},"user":"anonymous","message":"Request processed"}
{"timestamp":"2025-12-02T13:30:17.904Z","status":304,"method":"GET","route":"/api/students","input_summary":{},"user":"anonymous","message":"Request processed"}
{"timestamp":"2025-12-02T13:30:17.967Z","status":304,"method":"GET","route":"/api/students","input_summary":{},"user":"anonymous","message":"Request processed"}
{"timestamp":"2025-12-02T13:30:20.581Z","status":304,"method":"GET","route":"/api/students","input_summary":{},"user":"anonymous","message":"Request processed"}
{"timestamp":"2025-12-02T13:30:20.628Z","status":304,"method":"GET","route":"/api/students","input_summary":{},"user":"anonymous","message":"Request processed"}
{"timestamp":"2025-12-02T13:30:23.139Z","status":304,"method":"GET","route":"/api/students","input_summary":{},"user":"anonymous","message":"Request processed"}
{"timestamp":"2025-12-02T13:30:23.218Z","status":304,"method":"GET","route":"/api/teachers/ai-summary/all","input_summary":{},"user":"anonymous","message":"Request processed"}
{"timestamp":"2025-12-02T13:30:23.248Z","status":304,"method":"GET","route":"/api/students","input_summary":{},"user":"anonymous","message":"Request processed"}
{"timestamp":"2025-12-02T13:30:23.363Z","status":304,"method":"GET","route":"/api/teachers/ai-summary/all","input_summary":{},"user":"anonymous","message":"Request processed"}
{"timestamp":"2025-12-02T13:30:29.498Z","status":304,"method":"GET","route":"/api/students","input_summary":{},"user":"anonymous","message":"Request processed"}
{"timestamp":"2025-12-02T13:30:29.558Z","status":304,"method":"GET","route":"/api/students","input_summary":{},"user":"anonymous","message":"Request processed"}
{"timestamp":"2025-12-02T13:44:40.696Z","status":304,"method":"GET","route":"/api/students","input_summary":{},"user":"anonymous","message":"Request processed"}
{"timestamp":"2025-12-02T13:44:40.735Z","status":304,"method":"GET","route":"/api/students","input_summary":{},"user":"anonymous","message":"Request processed"}
{"timestamp":"2025-12-02T13:44:51.749Z","status":304,"method":"GET","route":"/api/students","input_summary":{},"user":"anonymous","message":"Request processed"}
{"timestamp":"2025-12-02T13:44:51.802Z","status":304,"method":"GET","route":"/api/students","input_summary":{},"user":"anonymous","message":"Request processed"}
{"timestamp":"2025-12-02T13:44:51.936Z","status":304,"method":"GET","route":"/api/lectures/schedule","input_summary":{},"user":"anonymous","message":"Request processed"}
{"timestamp":"2025-12-02T13:44:51.940Z","status":304,"method":"GET","route":"/api/lectures/schedule","input_summary":{},"user":"anonymous","message":"Request processed"}
{"timestamp":"2025-12-02T13:44:51.982Z","status":304,"method":"GET","route":"/api/students","input_summary":{},"user":"anonymous","message":"Request processed"}
{"timestamp":"2025-12-02T13:44:52.023Z","status":304,"method":"GET","route":"/api/students","input_summary":{},"user":"anonymous","message":"Request processed"}
{"timestamp":"2025-12-02T13:49:28.048Z","status":304,"method":"GET","route":"/api/lectures/schedule","input_summary":{},"user":"anonymous","message":"Request processed"}
{"timestamp":"2025-12-02T13:49:28.052Z","status":304,"method":"GET","route":"/api/lectures/schedule","input_summary":{},"user":"anonymous","message":"Request processed"}
{"timestamp":"2025-12-02T13:49:28.119Z","status":304,"method":"GET","route":"/api/students","input_summary":{},"user":"anonymous","message":"Request processed"}
{"timestamp":"2025-12-02T13:49:28.162Z","status":304,"method":"GET","route":"/api/students","input_summary":{},"user":"anonymous","message":"Request processed"}
{"timestamp":"2025-12-02T13:50:37.213Z","status":304,"method":"GET","route":"/api/lectures/schedule","input_summary":{},"user":"anonymous","message":"Request processed"}
{"timestamp":"2025-12-02T13:50:37.216Z","status":304,"method":"GET","route":"/api/lectures/schedule","input_summary":{},"user":"anonymous","message":"Request processed"}
{"timestamp":"2025-12-02T13:50:37.285Z","status":304,"method":"GET","route":"/api/students","input_summary":{},"user":"anonymous","message":"Request processed"}
{"timestamp":"2025-12-02T13:50:37.322Z","status":304,"method":"GET","route":"/api/students","input_summary":{},"user":"anonymous","message":"Request processed"}
{"timestamp":"2025-12-02T13:53:15.551Z","status":304,"method":"GET","route":"/api/students","input_summary":{},"user":"anonymous","message":"Request processed"}
{"timestamp":"2025-12-02T13:53:15.594Z","status":304,"method":"GET","route":"/api/students","input_summary":{},"user":"anonymous","message":"Request processed"}
{"timestamp":"2025-12-02T13:53:36.677Z","status":200,"method":"POST","route":"/api/auth/login","input_summary":{"email":"student6@school.com","password":"123456","role":"student"},"user":"anonymous","message":"Request processed"}
{"timestamp":"2025-12-02T13:53:36.747Z","status":200,"method":"GET","route":"/api/timetable/692e9d3d50f7755ca037a2d0","input_summary":{},"user":"anonymous","message":"Request processed"}
{"timestamp":"2025-12-02T13:53:36.751Z","status":200,"method":"GET","route":"/api/lectures/692e9d3d50f7755ca037a2d0","input_summary":{},"user":"anonymous","message":"Request processed"}
{"timestamp":"2025-12-02T13:53:36.755Z","status":200,"method":"GET","route":"/api/ai/692e9d3d50f7755ca037a2d0","input_summary":{},"user":"anonymous","message":"Request processed"}
{"timestamp":"2025-12-02T13:53:36.775Z","status":304,"method":"GET","route":"/api/lectures/692e9d3d50f7755ca037a2d0","input_summary":{},"user":"anonymous","message":"Request processed"}
{"timestamp":"2025-12-02T13:53:36.781Z","status":200,"method":"GET","route":"/api/students/692e9d3d50f7755ca037a2d0","input_summary":{},"user":"anonymous","message":"Request processed"}
{"timestamp":"2025-12-02T13:53:36.816Z","status":304,"method":"GET","route":"/api/students/692e9d3d50f7755ca037a2d0","input_summary":{},"user":"anonymous","message":"Request processed"}
{"timestamp":"2025-12-02T13:53:37.011Z","status":304,"method":"GET","route":"/api/ai/692e9d3d50f7755ca037a2d0","input_summary":{},"user":"anonymous","message":"Request processed"}
{"timestamp":"2025-12-02T13:53:37.011Z","status":304,"method":"GET","route":"/api/timetable/692e9d3d50f7755ca037a2d0","input_summary":{},"user":"anonymous","message":"Request processed"}
{"timestamp":"2025-12-02T13:53:37.022Z","status":404,"method":"GET","route":"/api/lectures/692e9d3d50f7755ca037a2d0/2025-12-01","input_summary":{},"user":"anonymous","message":"Request processed"}
{"timestamp":"2025-12-02T13:53:37.050Z","status":404,"method":"GET","route":"/api/lectures/692e9d3d50f7755ca037a2d0/2025-12-01","input_summary":{},"user":"anonymous","message":"Request processed"}
{"timestamp":"2025-12-02T13:53:54.877Z","status":200,"method":"GET","route":"/api/students/692e9d3d50f7755ca037a2d0/performance","input_summary":{},"user":"anonymous","message":"Request processed"}
{"timestamp":"2025-12-02T13:53:54.906Z","status":304,"method":"GET","route":"/api/students/692e9d3d50f7755ca037a2d0/performance","input_summary":{},"user":"anonymous","message":"Request processed"}
{"timestamp":"2025-12-02T13:58:43.811Z","status":304,"method":"GET","route":"/api/timetable/692e9d3d50f7755ca037a2d0","input_summary":{},"user":"anonymous","message":"Request processed"}
{"timestamp":"2025-12-02T13:58:43.813Z","status":304,"method":"GET","route":"/api/lectures/692e9d3d50f7755ca037a2d0","input_summary":{},"user":"anonymous","message":"Request processed"}
{"timestamp":"2025-12-02T13:58:43.825Z","status":304,"method":"GET","route":"/api/ai/692e9d3d50f7755ca037a2d0","input_summary":{},"user":"anonymous","message":"Request processed"}
{"timestamp":"2025-12-02T13:58:43.831Z","status":304,"method":"GET","route":"/api/students/692e9d3d50f7755ca037a2d0","input_summary":{},"user":"anonymous","message":"Request processed"}
{"timestamp":"2025-12-02T13:58:43.841Z","status":304,"method":"GET","route":"/api/timetable/692e9d3d50f7755ca037a2d0","input_summary":{},"user":"anonymous","message":"Request processed"}
{"timestamp":"2025-12-02T13:58:43.873Z","status":304,"method":"GET","route":"/api/ai/692e9d3d50f7755ca037a2d0","input_summary":{},"user":"anonymous","message":"Request processed"}
{"timestamp":"2025-12-02T13:58:43.877Z","status":304,"method":"GET","route":"/api/students/692e9d3d50f7755ca037a2d0","input_summary":{},"user":"anonymous","message":"Request processed"}
{"timestamp":"2025-12-02T13:58:43.882Z","status":304,"method":"GET","route":"/api/lectures/692e9d3d50f7755ca037a2d0","input_summary":{},"user":"anonymous","message":"Request processed"}
{"timestamp":"2025-12-02T13:58:44.071Z","status":404,"method":"GET","route":"/api/lectures/692e9d3d50f7755ca037a2d0/2025-12-01","input_summary":{},"user":"anonymous","message":"Request processed"}
{"timestamp":"2025-12-02T13:58:44.103Z","status":404,"method":"GET","route":"/api/lectures/692e9d3d50f7755ca037a2d0/2025-12-01","input_summary":{},"user":"anonymous","message":"Request processed"}
{"timestamp":"2025-12-02T14:00:03.738Z","status":200,"method":"GET","route":"/api/calendar/2025/12","input_summary":{},"user":"anonymous","message":"Request processed"}
{"timestamp":"2025-12-02T14:00:03.741Z","status":304,"method":"GET","route":"/api/calendar/2025/12","input_summary":{},"user":"anonymous","message":"Request processed"}
{"timestamp":"2025-12-02T14:00:03.772Z","status":200,"method":"GET","route":"/api/lectures/month/692e9d3d50f7755ca037a2d0/2025/12","input_summary":{},"user":"anonymous","message":"Request processed"}
{"timestamp":"2025-12-02T14:00:03.814Z","status":304,"method":"GET","route":"/api/lectures/month/692e9d3d50f7755ca037a2d0/2025/12","input_summary":{},"user":"anonymous","message":"Request processed"}
{"timestamp":"2025-12-02T14:00:09.341Z","status":304,"method":"GET","route":"/api/calendar/2025/12","input_summary":{},"user":"anonymous","message":"Request processed"}
{"timestamp":"2025-12-02T14:00:09.344Z","status":304,"method":"GET","route":"/api/calendar/2025/12","input_summary":{},"user":"anonymous","message":"Request processed"}
{"timestamp":"2025-12-02T14:00:09.388Z","status":304,"method":"GET","route":"/api/lectures/month/692e9d3d50f7755ca037a2d0/2025/12","input_summary":{},"user":"anonymous","message":"Request processed"}
{"timestamp":"2025-12-02T14:00:09.417Z","status":304,"method":"GET","route":"/api/lectures/month/692e9d3d50f7755ca037a2d0/2025/12","input_summary":{},"user":"anonymous","message":"Request processed"}
{"timestamp":"2025-12-02T14:00:10.261Z","status":304,"method":"GET","route":"/api/calendar/2025/12","input_summary":{},"user":"anonymous","message":"Request processed"}
{"timestamp":"2025-12-02T14:00:10.263Z","status":304,"method":"GET","route":"/api/calendar/2025/12","input_summary":{},"user":"anonymous","message":"Request processed"}
{"timestamp":"2025-12-02T14:00:10.324Z","status":304,"method":"GET","route":"/api/lectures/month/692e9d3d50f7755ca037a2d0/2025/12","input_summary":{},"user":"anonymous","message":"Request processed"}
{"timestamp":"2025-12-02T14:00:10.355Z","status":304,"method":"GET","route":"/api/lectures/month/692e9d3d50f7755ca037a2d0/2025/12","input_summary":{},"user":"anonymous","message":"Request processed"}
{"timestamp":"2025-12-02T14:10:36.990Z","status":304,"method":"GET","route":"/api/calendar/2025/12","input_summary":{},"user":"anonymous","message":"Request processed"}
{"timestamp":"2025-12-02T14:10:36.993Z","status":304,"method":"GET","route":"/api/calendar/2025/12","input_summary":{},"user":"anonymous","message":"Request processed"}
{"timestamp":"2025-12-02T14:10:37.014Z","status":304,"method":"GET","route":"/api/lectures/month/692e9d3d50f7755ca037a2d0/2025/12","input_summary":{},"user":"anonymous","message":"Request processed"}
{"timestamp":"2025-12-02T14:10:37.025Z","status":304,"method":"GET","route":"/api/lectures/month/692e9d3d50f7755ca037a2d0/2025/12","input_summary":{},"user":"anonymous","message":"Request processed"}
{"timestamp":"2025-12-02T14:10:40.562Z","status":304,"method":"GET","route":"/api/calendar/2025/12","input_summary":{},"user":"anonymous","message":"Request processed"}
{"timestamp":"2025-12-02T14:10:40.566Z","status":304,"method":"GET","route":"/api/calendar/2025/12","input_summary":{},"user":"anonymous","message":"Request processed"}
{"timestamp":"2025-12-02T14:10:40.575Z","status":304,"method":"GET","route":"/api/lectures/month/692e9d3d50f7755ca037a2d0/2025/12","input_summary":{},"user":"anonymous","message":"Request processed"}
{"timestamp":"2025-12-02T14:10:40.585Z","status":304,"method":"GET","route":"/api/lectures/month/692e9d3d50f7755ca037a2d0/2025/12","input_summary":{},"user":"anonymous","message":"Request processed"}
{"timestamp":"2025-12-02T14:10:47.207Z","status":304,"method":"GET","route":"/api/calendar/2025/12","input_summary":{},"user":"anonymous","message":"Request processed"}
{"timestamp":"2025-12-02T14:10:47.213Z","status":304,"method":"GET","route":"/api/calendar/2025/12","input_summary":{},"user":"anonymous","message":"Request processed"}
{"timestamp":"2025-12-02T14:10:47.260Z","status":304,"method":"GET","route":"/api/lectures/month/692e9d3d50f7755ca037a2d0/2025/12","input_summary":{},"user":"anonymous","message":"Request processed"}
{"timestamp":"2025-12-02T14:10:47.275Z","status":304,"method":"GET","route":"/api/lectures/month/692e9d3d50f7755ca037a2d0/2025/12","input_summary":{},"user":"anonymous","message":"Request processed"}
{"timestamp":"2025-12-02T14:12:53.998Z","status":304,"method":"GET","route":"/api/calendar/2025/12","input_summary":{},"user":"anonymous","message":"Request processed"}
{"timestamp":"2025-12-02T14:12:54.000Z","status":304,"method":"GET","route":"/api/calendar/2025/12","input_summary":{},"user":"anonymous","message":"Request processed"}
{"timestamp":"2025-12-02T14:12:54.039Z","status":304,"method":"GET","route":"/api/lectures/month/692e9d3d50f7755ca037a2d0/2025/12","input_summary":{},"user":"anonymous","message":"Request processed"}
{"timestamp":"2025-12-02T14:12:54.083Z","status":304,"method":"GET","route":"/api/lectures/month/692e9d3d50f7755ca037a2d0/2025/12","input_summary":{},"user":"anonymous","message":"Request processed"}
{"timestamp":"2025-12-02T14:13:52.146Z","status":304,"method":"GET","route":"/api/calendar/2025/12","input_summary":{},"user":"anonymous","message":"Request processed"}
{"timestamp":"2025-12-02T14:13:52.151Z","status":304,"method":"GET","route":"/api/calendar/2025/12","input_summary":{},"user":"anonymous","message":"Request processed"}
{"timestamp":"2025-12-02T14:13:52.179Z","status":304,"method":"GET","route":"/api/lectures/month/692e9d3d50f7755ca037a2d0/2025/12","input_summary":{},"user":"anonymous","message":"Request processed"}
{"timestamp":"2025-12-02T14:13:52.208Z","status":304,"method":"GET","route":"/api/lectures/month/692e9d3d50f7755ca037a2d0/2025/12","input_summary":{},"user":"anonymous","message":"Request processed"}
{"timestamp":"2025-12-02T14:15:47.770Z","status":304,"method":"GET","route":"/api/calendar/2025/12","input_summary":{},"user":"anonymous","message":"Request processed"}
{"timestamp":"2025-12-02T14:15:47.772Z","status":304,"method":"GET","route":"/api/calendar/2025/12","input_summary":{},"user":"anonymous","message":"Request processed"}
{"timestamp":"2025-12-02T14:15:47.814Z","status":304,"method":"GET","route":"/api/lectures/month/692e9d3d50f7755ca037a2d0/2025/12","input_summary":{},"user":"anonymous","message":"Request processed"}
{"timestamp":"2025-12-02T14:15:47.877Z","status":304,"method":"GET","route":"/api/lectures/month/692e9d3d50f7755ca037a2d0/2025/12","input_summary":{},"user":"anonymous","message":"Request processed"}
{"timestamp":"2025-12-02T14:17:02.792Z","status":304,"method":"GET","route":"/api/calendar/2025/12","input_summary":{},"user":"anonymous","message":"Request processed"}
{"timestamp":"2025-12-02T14:17:02.795Z","status":304,"method":"GET","route":"/api/calendar/2025/12","input_summary":{},"user":"anonymous","message":"Request processed"}
{"timestamp":"2025-12-02T14:17:02.834Z","status":304,"method":"GET","route":"/api/lectures/month/692e9d3d50f7755ca037a2d0/2025/12","input_summary":{},"user":"anonymous","message":"Request processed"}
{"timestamp":"2025-12-02T14:17:02.864Z","status":304,"method":"GET","route":"/api/lectures/month/692e9d3d50f7755ca037a2d0/2025/12","input_summary":{},"user":"anonymous","message":"Request processed"}
{"timestamp":"2025-12-02T14:17:20.083Z","status":304,"method":"GET","route":"/api/calendar/2025/12","input_summary":{},"user":"anonymous","message":"Request processed"}
{"timestamp":"2025-12-02T14:17:20.087Z","status":304,"method":"GET","route":"/api/calendar/2025/12","input_summary":{},"user":"anonymous","message":"Request processed"}
{"timestamp":"2025-12-02T14:17:20.115Z","status":304,"method":"GET","route":"/api/lectures/month/692e9d3d50f7755ca037a2d0/2025/12","input_summary":{},"user":"anonymous","message":"Request processed"}
{"timestamp":"2025-12-02T14:17:20.163Z","status":304,"method":"GET","route":"/api/lectures/month/692e9d3d50f7755ca037a2d0/2025/12","input_summary":{},"user":"anonymous","message":"Request processed"}
{"timestamp":"2025-12-02T14:17:20.925Z","status":304,"method":"GET","route":"/api/calendar/2025/12","input_summary":{},"user":"anonymous","message":"Request processed"}
{"timestamp":"2025-12-02T14:17:20.929Z","status":304,"method":"GET","route":"/api/calendar/2025/12","input_summary":{},"user":"anonymous","message":"Request processed"}
{"timestamp":"2025-12-02T14:17:20.967Z","status":304,"method":"GET","route":"/api/lectures/month/692e9d3d50f7755ca037a2d0/2025/12","input_summary":{},"user":"anonymous","message":"Request processed"}
{"timestamp":"2025-12-02T14:17:20.999Z","status":304,"method":"GET","route":"/api/lectures/month/692e9d3d50f7755ca037a2d0/2025/12","input_summary":{},"user":"anonymous","message":"Request processed"}
{"timestamp":"2025-12-02T14:17:56.529Z","status":304,"method":"GET","route":"/api/calendar/2025/12","input_summary":{},"user":"anonymous","message":"Request processed"}
{"timestamp":"2025-12-02T14:17:56.534Z","status":304,"method":"GET","route":"/api/calendar/2025/12","input_summary":{},"user":"anonymous","message":"Request processed"}
{"timestamp":"2025-12-02T14:17:56.560Z","status":304,"method":"GET","route":"/api/lectures/month/692e9d3d50f7755ca037a2d0/2025/12","input_summary":{},"user":"anonymous","message":"Request processed"}
{"timestamp":"2025-12-02T14:17:56.591Z","status":304,"method":"GET","route":"/api/lectures/month/692e9d3d50f7755ca037a2d0/2025/12","input_summary":{},"user":"anonymous","message":"Request processed"}
{"timestamp":"2025-12-02T14:18:59.237Z","status":304,"method":"GET","route":"/api/calendar/2025/12","input_summary":{},"user":"anonymous","message":"Request processed"}
{"timestamp":"2025-12-02T14:18:59.240Z","status":304,"method":"GET","route":"/api/calendar/2025/12","input_summary":{},"user":"anonymous","message":"Request processed"}
{"timestamp":"2025-12-02T14:18:59.306Z","status":304,"method":"GET","route":"/api/lectures/month/692e9d3d50f7755ca037a2d0/2025/12","input_summary":{},"user":"anonymous","message":"Request processed"}
{"timestamp":"2025-12-02T14:18:59.403Z","status":304,"method":"GET","route":"/api/lectures/month/692e9d3d50f7755ca037a2d0/2025/12","input_summary":{},"user":"anonymous","message":"Request processed"}
{"timestamp":"2025-12-02T14:19:55.578Z","status":304,"method":"GET","route":"/api/calendar/2025/12","input_summary":{},"user":"anonymous","message":"Request processed"}
{"timestamp":"2025-12-02T14:19:55.587Z","status":304,"method":"GET","route":"/api/calendar/2025/12","input_summary":{},"user":"anonymous","message":"Request processed"}
{"timestamp":"2025-12-02T14:19:55.615Z","status":304,"method":"GET","route":"/api/lectures/month/692e9d3d50f7755ca037a2d0/2025/12","input_summary":{},"user":"anonymous","message":"Request processed"}
{"timestamp":"2025-12-02T14:19:55.645Z","status":304,"method":"GET","route":"/api/lectures/month/692e9d3d50f7755ca037a2d0/2025/12","input_summary":{},"user":"anonymous","message":"Request processed"}
{"timestamp":"2025-12-02T14:20:19.471Z","status":304,"method":"GET","route":"/api/calendar/2025/12","input_summary":{},"user":"anonymous","message":"Request processed"}
{"timestamp":"2025-12-02T14:20:19.475Z","status":304,"method":"GET","route":"/api/calendar/2025/12","input_summary":{},"user":"anonymous","message":"Request processed"}
{"timestamp":"2025-12-02T14:20:19.514Z","status":304,"method":"GET","route":"/api/lectures/month/692e9d3d50f7755ca037a2d0/2025/12","input_summary":{},"user":"anonymous","message":"Request processed"}
{"timestamp":"2025-12-02T14:20:19.573Z","status":304,"method":"GET","route":"/api/lectures/month/692e9d3d50f7755ca037a2d0/2025/12","input_summary":{},"user":"anonymous","message":"Request processed"}
{"timestamp":"2025-12-02T14:23:11.181Z","status":304,"method":"GET","route":"/api/students/692e9d3d50f7755ca037a2d0","input_summary":{},"user":"anonymous","message":"Request processed"}
{"timestamp":"2025-12-02T14:23:11.190Z","status":404,"method":"GET","route":"/api/lectures/692e9d3d50f7755ca037a2d0/2025-12-01","input_summary":{},"user":"anonymous","message":"Request processed"}
{"timestamp":"2025-12-02T14:23:11.200Z","status":304,"method":"GET","route":"/api/ai/692e9d3d50f7755ca037a2d0","input_summary":{},"user":"anonymous","message":"Request processed"}
{"timestamp":"2025-12-02T14:23:11.206Z","status":304,"method":"GET","route":"/api/timetable/692e9d3d50f7755ca037a2d0","input_summary":{},"user":"anonymous","message":"Request processed"}
{"timestamp":"2025-12-02T14:23:11.209Z","status":304,"method":"GET","route":"/api/lectures/692e9d3d50f7755ca037a2d0","input_summary":{},"user":"anonymous","message":"Request processed"}
{"timestamp":"2025-12-02T14:23:11.221Z","status":304,"method":"GET","route":"/api/students/692e9d3d50f7755ca037a2d0","input_summary":{},"user":"anonymous","message":"Request processed"}
{"timestamp":"2025-12-02T14:23:11.228Z","status":404,"method":"GET","route":"/api/lectures/692e9d3d50f7755ca037a2d0/2025-12-01","input_summary":{},"user":"anonymous","message":"Request processed"}
{"timestamp":"2025-12-02T14:23:11.232Z","status":304,"method":"GET","route":"/api/timetable/692e9d3d50f7755ca037a2d0","input_summary":{},"user":"anonymous","message":"Request processed"}
{"timestamp":"2025-12-02T14:23:11.246Z","status":304,"method":"GET","route":"/api/lectures/692e9d3d50f7755ca037a2d0","input_summary":{},"user":"anonymous","message":"Request processed"}
{"timestamp":"2025-12-02T14:23:11.494Z","status":304,"method":"GET","route":"/api/ai/692e9d3d50f7755ca037a2d0","input_summary":{},"user":"anonymous","message":"Request processed"}
{"timestamp":"2025-12-02T14:23:15.732Z","status":304,"method":"GET","route":"/api/calendar/2025/12","input_summary":{},"user":"anonymous","message":"Request processed"}
{"timestamp":"2025-12-02T14:23:15.735Z","status":304,"method":"GET","route":"/api/calendar/2025/12","input_summary":{},"user":"anonymous","message":"Request processed"}
{"timestamp":"2025-12-02T14:23:15.778Z","status":304,"method":"GET","route":"/api/lectures/month/692e9d3d50f7755ca037a2d0/2025/12","input_summary":{},"user":"anonymous","message":"Request processed"}
{"timestamp":"2025-12-02T14:23:15.806Z","status":304,"method":"GET","route":"/api/lectures/month/692e9d3d50f7755ca037a2d0/2025/12","input_summary":{},"user":"anonymous","message":"Request processed"}
{"timestamp":"2025-12-02T14:23:18.316Z","status":304,"method":"GET","route":"/api/calendar/2025/12","input_summary":{},"user":"anonymous","message":"Request processed"}
{"timestamp":"2025-12-02T14:23:18.320Z","status":304,"method":"GET","route":"/api/calendar/2025/12","input_summary":{},"user":"anonymous","message":"Request processed"}
{"timestamp":"2025-12-02T14:23:18.371Z","status":304,"method":"GET","route":"/api/lectures/month/692e9d3d50f7755ca037a2d0/2025/12","input_summary":{},"user":"anonymous","message":"Request processed"}
{"timestamp":"2025-12-02T14:23:18.404Z","status":304,"method":"GET","route":"/api/lectures/month/692e9d3d50f7755ca037a2d0/2025/12","input_summary":{},"user":"anonymous","message":"Request processed"}
{"timestamp":"2025-12-02T14:23:19.351Z","status":304,"method":"GET","route":"/api/calendar/2025/12","input_summary":{},"user":"anonymous","message":"Request processed"}
{"timestamp":"2025-12-02T14:23:19.353Z","status":304,"method":"GET","route":"/api/calendar/2025/12","input_summary":{},"user":"anonymous","message":"Request processed"}
{"timestamp":"2025-12-02T14:23:19.381Z","status":304,"method":"GET","route":"/api/lectures/month/692e9d3d50f7755ca037a2d0/2025/12","input_summary":{},"user":"anonymous","message":"Request processed"}
{"timestamp":"2025-12-02T14:23:19.425Z","status":304,"method":"GET","route":"/api/lectures/month/692e9d3d50f7755ca037a2d0/2025/12","input_summary":{},"user":"anonymous","message":"Request processed"}
{"timestamp":"2025-12-02T14:23:40.694Z","status":304,"method":"GET","route":"/api/calendar/2025/12","input_summary":{},"user":"anonymous","message":"Request processed"}
{"timestamp":"2025-12-02T14:23:40.697Z","status":304,"method":"GET","route":"/api/calendar/2025/12","input_summary":{},"user":"anonymous","message":"Request processed"}
{"timestamp":"2025-12-02T14:23:40.731Z","status":304,"method":"GET","route":"/api/lectures/month/692e9d3d50f7755ca037a2d0/2025/12","input_summary":{},"user":"anonymous","message":"Request processed"}
{"timestamp":"2025-12-02T14:23:40.762Z","status":304,"method":"GET","route":"/api/lectures/month/692e9d3d50f7755ca037a2d0/2025/12","input_summary":{},"user":"anonymous","message":"Request processed"}
{"timestamp":"2025-12-02T14:25:54.161Z","status":304,"method":"GET","route":"/api/students/692e9d3d50f7755ca037a2d0","input_summary":{},"user":"anonymous","message":"Request processed"}
{"timestamp":"2025-12-02T14:25:54.163Z","status":304,"method":"GET","route":"/api/timetable/692e9d3d50f7755ca037a2d0","input_summary":{},"user":"anonymous","message":"Request processed"}
{"timestamp":"2025-12-02T14:25:54.174Z","status":304,"method":"GET","route":"/api/ai/692e9d3d50f7755ca037a2d0","input_summary":{},"user":"anonymous","message":"Request processed"}
{"timestamp":"2025-12-02T14:25:54.165Z","status":404,"method":"GET","route":"/api/lectures/692e9d3d50f7755ca037a2d0/2025-12-01","input_summary":{},"user":"anonymous","message":"Request processed"}
{"timestamp":"2025-12-02T14:25:54.197Z","status":304,"method":"GET","route":"/api/students/692e9d3d50f7755ca037a2d0","input_summary":{},"user":"anonymous","message":"Request processed"}
{"timestamp":"2025-12-02T14:25:54.218Z","status":304,"method":"GET","route":"/api/timetable/692e9d3d50f7755ca037a2d0","input_summary":{},"user":"anonymous","message":"Request processed"}
{"timestamp":"2025-12-02T14:25:54.221Z","status":304,"method":"GET","route":"/api/ai/692e9d3d50f7755ca037a2d0","input_summary":{},"user":"anonymous","message":"Request processed"}
{"timestamp":"2025-12-02T14:25:54.224Z","status":404,"method":"GET","route":"/api/lectures/692e9d3d50f7755ca037a2d0/2025-12-01","input_summary":{},"user":"anonymous","message":"Request processed"}
{"timestamp":"2025-12-02T14:25:54.413Z","status":304,"method":"GET","route":"/api/lectures/692e9d3d50f7755ca037a2d0","input_summary":{},"user":"anonymous","message":"Request processed"}
{"timestamp":"2025-12-02T14:25:54.447Z","status":304,"method":"GET","route":"/api/lectures/692e9d3d50f7755ca037a2d0","input_summary":{},"user":"anonymous","message":"Request processed"}
{"timestamp":"2025-12-02T14:26:08.316Z","status":304,"method":"GET","route":"/api/students/692e9d3d50f7755ca037a2d0","input_summary":{},"user":"anonymous","message":"Request processed"}
{"timestamp":"2025-12-02T14:26:08.318Z","status":304,"method":"GET","route":"/api/timetable/692e9d3d50f7755ca037a2d0","input_summary":{},"user":"anonymous","message":"Request processed"}
{"timestamp":"2025-12-02T14:26:08.319Z","status":304,"method":"GET","route":"/api/lectures/692e9d3d50f7755ca037a2d0","input_summary":{},"user":"anonymous","message":"Request processed"}
{"timestamp":"2025-12-02T14:26:08.322Z","status":304,"method":"GET","route":"/api/ai/692e9d3d50f7755ca037a2d0","input_summary":{},"user":"anonymous","message":"Request processed"}
{"timestamp":"2025-12-02T14:26:08.331Z","status":404,"method":"GET","route":"/api/lectures/692e9d3d50f7755ca037a2d0/2025-12-01","input_summary":{},"user":"anonymous","message":"Request processed"}
{"timestamp":"2025-12-02T14:26:08.354Z","status":304,"method":"GET","route":"/api/students/692e9d3d50f7755ca037a2d0","input_summary":{},"user":"anonymous","message":"Request processed"}
{"timestamp":"2025-12-02T14:26:08.356Z","status":304,"method":"GET","route":"/api/timetable/692e9d3d50f7755ca037a2d0","input_summary":{},"user":"anonymous","message":"Request processed"}
{"timestamp":"2025-12-02T14:26:08.360Z","status":304,"method":"GET","route":"/api/lectures/692e9d3d50f7755ca037a2d0","input_summary":{},"user":"anonymous","message":"Request processed"}
{"timestamp":"2025-12-02T14:26:08.367Z","status":304,"method":"GET","route":"/api/ai/692e9d3d50f7755ca037a2d0","input_summary":{},"user":"anonymous","message":"Request processed"}
{"timestamp":"2025-12-02T14:26:08.369Z","status":404,"method":"GET","route":"/api/lectures/692e9d3d50f7755ca037a2d0/2025-12-01","input_summary":{},"user":"anonymous","message":"Request processed"}
